<?xml version="1.0" encoding="UTF-8"?>
<testsuite name="test.ConsultaPessoaTest" tests="1" skipped="0" failures="0" errors="0" timestamp="2019-12-16T02:00:26" hostname="inote503.iteris.local" time="2.711">
  <properties/>
  <testcase name="buscarPessoa" classname="test.ConsultaPessoaTest" time="2.711"/>
  <system-out><![CDATA[Request method:	POST
Request URI:	http://localhost:8080/oauth/token
Proxy:			<none>
Request params:	<none>
Query params:	<none>
Form params:	password=admin
				grant_type=password
				username=admin
Path params:	<none>
Headers:		Authorization=Basic YW5ndWxhcjpAbmd1bEByMA==
				Accept=*/*
				Content-Type=application/x-www-form-urlencoded; charset=ISO-8859-1
Cookies:		<none>
Multiparts:		<none>
Body:			<none>
]]></system-out>
  <system-err><![CDATA[]]></system-err>
</testsuite>
